https://www.has-sante.fr/jcms/p_3193006/fr/brimica-genuair-aclidinium/-formoterol
https://www.has-sante.fr/jcms/pprd_2982822/fr/lumigan-bimatoprost
https://www.has-sante.fr/jcms/pprd_2983675/fr/symbicort-formoterol-fumarate-de-dihydrate/-budesonide
https://www.has-sante.fr/jcms/pprd_2984361/fr/nifluril-enfant-adultes-morniflumate/-acide-niflumique
https://www.has-sante.fr/jcms/pprd_2983486/fr/enstilar-calcipotriol-betamethasone
https://www.has-sante.fr/jcms/pprd_2984246/fr/formoterol-mylan-formoterol
https://www.has-sante.fr/jcms/pprd_2982800/fr/tranxene-chlorazepate-dipotassique
https://www.has-sante.fr/jcms/pprd_2983929/fr/algisedal-paracetamol/-codeine-phosphate-de-hemihydrate
https://www.has-sante.fr/jcms/pprd_2983903/fr/levemir-insuline-detemir
https://www.has-sante.fr/jcms/pprd_2982992/fr/xarelto-rivaroxaban
https://www.has-sante.fr/jcms/pprd_2984314/fr/raplixa-chaque-gramme-de-poudre-contient-79-mg-de-fibrinogene-humain-et-726-ui
https://www.has-sante.fr/jcms/pprd_2982837/fr/cimzia-certolizumab-pegol
https://www.has-sante.fr/jcms/p_3511440/fr/shingrix-vaccin-zona-recombinant-avec-adjuvant
https://www.has-sante.fr/jcms/pprd_2983665/fr/milrinone-stragen-milrinone
https://www.has-sante.fr/jcms/pprd_2985272/fr/angiox-bivalirudine
https://www.has-sante.fr/jcms/pprd_2983028/fr/fixical-vitamine-d3-calcium-carbonate-de-/-cholecalciferol-concentrat-de
https://www.has-sante.fr/jcms/pprd_2985100/fr/deturgylone-oxymetazoline/-prednisolone
https://www.has-sante.fr/jcms/p_3316076/fr/ozawade-pitolisant-chlorhydrate
https://www.has-sante.fr/jcms/pprd_2984911/fr/exacyl-acide-tranexamique
https://www.has-sante.fr/jcms/pprd_2985381/fr/megamag-pidolate-de-magnesium
https://www.has-sante.fr/jcms/pprd_2984788/fr/remodulin-treprostinil-sodique
https://www.has-sante.fr/jcms/pprd_2984785/fr/agrippal-virus-grippal-inactive-a-antigenes-de-surface
https://www.has-sante.fr/jcms/pprd_2983692/fr/seretide-seretide-diskus-fluticasone-propionate-de-/-salmeterol-xinafoate-de
https://www.has-sante.fr/jcms/p_3342049/fr/trodelvy-sacituzumab-govitecan
https://www.has-sante.fr/jcms/pprd_2984432/fr/burinex-bumetanide
https://www.has-sante.fr/jcms/p_3329606/fr/kimozo-temozolomide
https://www.has-sante.fr/jcms/p_3377078/fr/sitagliptine/metformine-alter-sitagliptine/metformine
https://www.has-sante.fr/jcms/pprd_2983904/fr/kayexalate-polystyrene-sulfonate-de-sodium
https://www.has-sante.fr/jcms/pprd_2982911/fr/trydonis-bromure-de-glycopyrronium/-fumarate-de-formoterol/-dipropionate-de-beclometasone
https://www.has-sante.fr/jcms/pprd_2983335/fr/certican-everolimus
https://www.has-sante.fr/jcms/pprd_2985267/fr/aridol-mannitol
https://www.has-sante.fr/jcms/p_3242313/fr/ayvakyt-avapritinib
https://www.has-sante.fr/jcms/pprd_2984896/fr/androtardyl-testosterone-enantate-de
https://www.has-sante.fr/jcms/pprd_2983513/fr/rekovelle-follitropine-delta
https://www.has-sante.fr/jcms/pprd_2983021/fr/vesicare-solifenacine-succinate-de
https://www.has-sante.fr/jcms/pprd_2983118/fr/gadovist-gadobutrol
https://www.has-sante.fr/jcms/pprd_2984180/fr/visudyne-verteporfine
https://www.has-sante.fr/jcms/pprd_2984284/fr/peflacine-pefloxacine-mesilate-de-dihydrate
https://www.has-sante.fr/jcms/pprd_2982784/fr/rapamune-sirolimus
https://www.has-sante.fr/jcms/pprd_2983318/fr/colchimax-colchicine-tiemonium-methylsulfate-de-poudre-d-opium/-colchicine/
https://www.has-sante.fr/jcms/p_3325552/fr/cibinqo-abrocitinib
