https://www.has-sante.fr/jcms/pprd_2984769/fr/cabergoline-sandoz-cabergoline
https://www.has-sante.fr/jcms/pprd_2985866/fr/gopten-trandolapril
https://www.has-sante.fr/jcms/p_3263772/fr/arikayce-liposomal-amikacine
https://www.has-sante.fr/jcms/p_3304529/fr/voxzogo
https://www.has-sante.fr/jcms/pprd_2983086/fr/co-renitec-hydrochlorothiazide/-enalapril-maleate-d
https://www.has-sante.fr/jcms/pprd_2982978/fr/yescarta-axicabtagene-ciloleucel
https://www.has-sante.fr/jcms/pprd_2983102/fr/cinryze-inhibiteur-de-la-c1-esterase-humaine
https://www.has-sante.fr/jcms/pprd_2983426/fr/subutex-buprenorphine
https://www.has-sante.fr/jcms/p_3289378/fr/pemazyre-pemigatinib
https://www.has-sante.fr/jcms/pprd_2982867/fr/jardiance-empagliflozine
https://www.has-sante.fr/jcms/pprd_2983346/fr/aetoxisclerol-lauromacrogol-400
https://www.has-sante.fr/jcms/pprd_2982911/fr/trydonis-bromure-de-glycopyrronium/-fumarate-de-formoterol/-dipropionate-de-beclometasone
https://www.has-sante.fr/jcms/pprd_2984865/fr/zometa-acide-zoledronique
https://www.has-sante.fr/jcms/pprd_2984124/fr/activelle-kliogest-novofemme-trisequens-estradiol-hemihydrate/-norethisterone-acetate-de
https://www.has-sante.fr/jcms/pprd_2985509/fr/captolane-captopril
https://www.has-sante.fr/jcms/pprd_2982889/fr/xenetix-iobitridol
https://www.has-sante.fr/jcms/pprd_2984585/fr/brinavess-vernakalant-chlorhydrate-de
https://www.has-sante.fr/jcms/p_3225171/fr/hepcludex-bulevirtide
https://www.has-sante.fr/jcms/pprd_2982897/fr/zalmoxis-lymphocytes-t-genetiquement-modifies
https://www.has-sante.fr/jcms/pprd_2983941/fr/caduet-atorvastatine-calcique-trihydratee/-amlodipine-besilate-d
https://www.has-sante.fr/jcms/pprd_2984436/fr/cardensiel-bisoprolol-hemifumarate
https://www.has-sante.fr/jcms/pprd_2984430/fr/cotriatec-ramipril-/-hydrochlorothiazide/-ramipril/-hydrochlorothiazide
https://www.has-sante.fr/jcms/pprd_2983842/fr/zepatier-elbasvir/grazoprevir
https://www.has-sante.fr/jcms/pprd_2983231/fr/eupressyl-mediatensyl-urapidil
https://www.has-sante.fr/jcms/pprd_2982937/fr/simponi-golimumab
https://www.has-sante.fr/jcms/pprd_2984639/fr/vercyte-pipobroman
https://www.has-sante.fr/jcms/pprd_2982888/fr/verapamil-verapamil/-verapamil-chlorhydrate-de
https://www.has-sante.fr/jcms/pprd_2983245/fr/isobar-methyclothiazide/-triamterene
https://www.has-sante.fr/jcms/pprd_2984262/fr/pentasa-mesalazine
https://www.has-sante.fr/jcms/pprd_2984778/fr/trombovar-tetradecyl-sulfate-de-sodium
https://www.has-sante.fr/jcms/pprd_2983926/fr/claradol-claradol-codeine-claradol-cafeine-paracetamol/-codeine-phosphate-de-hemihydrate/-cafeine
https://www.has-sante.fr/jcms/p_3542240/fr/velsipity-etrasimod
https://www.has-sante.fr/jcms/p_3124496/fr/baclocur-baclofene
https://www.has-sante.fr/jcms/pprd_2985599/fr/taxol-paclitaxel
